2021-12-03 14:19:10,715 - LOGGER - INFO - ’‚ «…∂
2021-12-03 14:19:23,555 - BasePage - INFO - wait for 5 seconds.
2021-12-03 14:19:23,695 - BasePage - INFO - Had type ' selenium ' in inputBox
2021-12-03 14:19:23,769 - BasePage - INFO - The element '' was clicked.
2021-12-03 14:19:23,769 - cloud_page - INFO - show results!
2021-12-03 14:19:25,769 - BasePage - INFO - Sleep for 2 seconds
2021-12-03 14:19:28,070 - BasePage - INFO - Had take screenshot and save to folder : /screenshots
2021-12-03 14:19:33,331 - BasePage - INFO - wait for 5 seconds.
2021-12-03 14:19:33,479 - BasePage - INFO - Had type ' selenium3 ' in inputBox
2021-12-03 14:19:33,551 - BasePage - INFO - The element '' was clicked.
2021-12-03 14:19:33,552 - cloud_page - INFO - show results!
2021-12-03 14:19:35,553 - BasePage - INFO - Sleep for 2 seconds
2021-12-03 14:19:37,838 - BasePage - INFO - Had take screenshot and save to folder : /screenshots
2021-12-03 14:20:02,399 - BasePage - INFO - wait for 5 seconds.
2021-12-03 14:20:02,541 - BasePage - INFO - Had type ' selenium ' in inputBox
2021-12-03 14:20:02,610 - BasePage - INFO - The element '' was clicked.
2021-12-03 14:20:02,610 - cloud_page - INFO - show results!
2021-12-03 14:20:04,612 - BasePage - INFO - Sleep for 2 seconds
2021-12-03 14:20:06,923 - BasePage - INFO - Had take screenshot and save to folder : /screenshots
2021-12-03 14:20:11,506 - BasePage - INFO - wait for 5 seconds.
2021-12-03 14:20:11,650 - BasePage - INFO - Had type ' selenium3 ' in inputBox
2021-12-03 14:20:11,720 - BasePage - INFO - The element '' was clicked.
2021-12-03 14:20:11,721 - cloud_page - INFO - show results!
2021-12-03 14:20:13,722 - BasePage - INFO - Sleep for 2 seconds
2021-12-03 14:20:15,979 - BasePage - INFO - Had take screenshot and save to folder : /screenshots
